2022-05-15 01:05:334 INFO  ManageDriver :29 - Launching Chrome Browser
2022-05-15 01:05:699 INFO  ManageDriver :29 - Launching Chrome Browser
2022-05-15 01:05:997 INFO  ManageDriver :29 - Launching Chrome Browser
2022-05-15 01:05:699 INFO  ManageDriver :29 - Launching Chrome Browser
2022-05-15 01:05:554 INFO  ManageDriver :29 - Launching Chrome Browser
2022-05-15 01:05:103 INFO  ManageDriver :29 - Launching Chrome Browser
2022-05-15 02:05:937 INFO  ManageDriver :29 - Launching Chrome Browser
2022-05-15 02:05:459 INFO  HomePage :51 - Clicking on Computer [[ChromeDriver: chrome on WINDOWS (59a13ffce49af9fb15827d6db1071e50)] -> xpath: //ul[@class='top-menu notmobile']//a[contains(text(),'Computers')]]<br>
2022-05-15 02:05:522 INFO  ComputerPage :39 - getting computer text  [[ChromeDriver: chrome on WINDOWS (59a13ffce49af9fb15827d6db1071e50)] -> xpath: //h1[contains(text(),'Computers')]]
2022-05-15 02:05:679 INFO  ManageDriver :29 - Launching Chrome Browser
2022-05-15 02:05:778 INFO  HomePage :51 - Clicking on Computer [[ChromeDriver: chrome on WINDOWS (66163c21a57bf0b679b60a1e3ba582e9)] -> xpath: //ul[@class='top-menu notmobile']//a[contains(text(),'Computers')]]<br>
2022-05-15 02:05:871 INFO  ManageDriver :29 - Launching Chrome Browser
2022-05-15 02:05:772 INFO  HomePage :51 - Clicking on Computer [[ChromeDriver: chrome on WINDOWS (3f8a747cb7ab59b7b9d8fb92f3cc0ebd)] -> xpath: //ul[@class='top-menu notmobile']//a[contains(text(),'Computers')]]<br>
2022-05-15 13:05:467 INFO  ManageDriver :29 - Launching Chrome Browser
2022-05-15 13:05:927 INFO  HomePage :45 - Clicking on RegisterLink [[ChromeDriver: chrome on WINDOWS (6d0339d00af56443bc7ea32542c8d776)] -> link text: Register]<br>
2022-05-15 13:05:958 INFO  RegisterPage :183 - Clicking on Register [[ChromeDriver: chrome on WINDOWS (6d0339d00af56443bc7ea32542c8d776)] -> xpath: //button[contains(text(),'Register')]]
2022-05-15 13:05:84 INFO  RegisterPage :120 - getting Lastname  text  [[ChromeDriver: chrome on WINDOWS (6d0339d00af56443bc7ea32542c8d776)] -> xpath: //span[@id='LastName-error']]
2022-05-15 13:05:126 INFO  RegisterPage :126 - getting Email field text  [[ChromeDriver: chrome on WINDOWS (6d0339d00af56443bc7ea32542c8d776)] -> xpath: //span[@id='Email-error']]
2022-05-15 13:05:161 INFO  RegisterPage :132 - getting Password text  [[ChromeDriver: chrome on WINDOWS (6d0339d00af56443bc7ea32542c8d776)] -> xpath: //span[@id='Password-error']]
2022-05-15 13:05:194 INFO  RegisterPage :138 - getting reconfirmation of password text  [[ChromeDriver: chrome on WINDOWS (6d0339d00af56443bc7ea32542c8d776)] -> xpath: //span[@id='Password-error']]
2022-05-15 13:05:588 INFO  ManageDriver :29 - Launching Chrome Browser
2022-05-15 13:05:793 INFO  HomePage :45 - Clicking on RegisterLink [[ChromeDriver: chrome on WINDOWS (f5396ea8fd7f254dab6543bb2888ad1b)] -> link text: Register]<br>
2022-05-15 13:05:829 INFO  RegisterPage :107 - Enter emailsam to email field [[ChromeDriver: chrome on WINDOWS (f5396ea8fd7f254dab6543bb2888ad1b)] -> xpath: //input[@id='FirstName']]
2022-05-15 13:05:934 INFO  RegisterPage :144 - Enter lastname Patil to email field [[ChromeDriver: chrome on WINDOWS (f5396ea8fd7f254dab6543bb2888ad1b)] -> xpath: //input[@id='LastName']]
2022-05-15 13:05:92 INFO  RegisterPage :150 - Selecting date of birth 10 from dropdown [[ChromeDriver: chrome on WINDOWS (f5396ea8fd7f254dab6543bb2888ad1b)] -> xpath: //body/div[6]/div[3]/div[1]/div[1]/div[1]/div[2]/form[1]/div[1]/div[2]/div[4]/div[1]/select[1]]
2022-05-15 13:05:229 INFO  RegisterPage :155 - Selecting month of birth 10 from dropdown [[ChromeDriver: chrome on WINDOWS (f5396ea8fd7f254dab6543bb2888ad1b)] -> xpath: //body/div[6]/div[3]/div[1]/div[1]/div[1]/div[2]/form[1]/div[1]/div[2]/div[4]/div[1]/select[2]]
2022-05-15 13:05:582 INFO  ManageDriver :29 - Launching Chrome Browser
2022-05-15 13:05:436 INFO  HomePage :45 - Clicking on RegisterLink [[ChromeDriver: chrome on WINDOWS (c04ea744ce9aa4333d9d1e2233b6ca96)] -> link text: Register]<br>
2022-05-15 13:05:495 INFO  RegisterPage :107 - Enter emailsam to email field [[ChromeDriver: chrome on WINDOWS (c04ea744ce9aa4333d9d1e2233b6ca96)] -> xpath: //input[@id='FirstName']]
2022-05-15 13:05:671 INFO  RegisterPage :144 - Enter lastname Patil to email field [[ChromeDriver: chrome on WINDOWS (c04ea744ce9aa4333d9d1e2233b6ca96)] -> xpath: //input[@id='LastName']]
2022-05-15 13:05:802 INFO  RegisterPage :150 - Selecting date of birth 10 from dropdown [[ChromeDriver: chrome on WINDOWS (c04ea744ce9aa4333d9d1e2233b6ca96)] -> xpath: //body/div[6]/div[3]/div[1]/div[1]/div[1]/div[2]/form[1]/div[1]/div[2]/div[4]/div[1]/select[1]]
2022-05-15 13:05:944 INFO  RegisterPage :155 - Selecting month of birth 10 from dropdown [[ChromeDriver: chrome on WINDOWS (c04ea744ce9aa4333d9d1e2233b6ca96)] -> xpath: //body/div[6]/div[3]/div[1]/div[1]/div[1]/div[2]/form[1]/div[1]/div[2]/div[4]/div[1]/select[2]]
2022-05-15 13:05:860 INFO  ManageDriver :29 - Launching Chrome Browser
2022-05-15 13:05:725 INFO  HomePage :45 - Clicking on RegisterLink [[ChromeDriver: chrome on WINDOWS (7fcd1b3592948dd09472122d46d25e2d)] -> link text: Register]<br>
2022-05-15 13:05:789 INFO  RegisterPage :107 - Enter emailsam to email field [[ChromeDriver: chrome on WINDOWS (7fcd1b3592948dd09472122d46d25e2d)] -> xpath: //input[@id='FirstName']]
2022-05-15 13:05:940 INFO  RegisterPage :144 - Enter lastname Patil to email field [[ChromeDriver: chrome on WINDOWS (7fcd1b3592948dd09472122d46d25e2d)] -> xpath: //input[@id='LastName']]
2022-05-15 13:05:74 INFO  RegisterPage :150 - Selecting date of birth 10 from dropdown [[ChromeDriver: chrome on WINDOWS (7fcd1b3592948dd09472122d46d25e2d)] -> xpath: //body/div[6]/div[3]/div[1]/div[1]/div[1]/div[2]/form[1]/div[1]/div[2]/div[4]/div[1]/select[1]]
2022-05-15 13:05:229 INFO  RegisterPage :155 - Selecting month of birth May from dropdown [[ChromeDriver: chrome on WINDOWS (7fcd1b3592948dd09472122d46d25e2d)] -> xpath: //body/div[6]/div[3]/div[1]/div[1]/div[1]/div[2]/form[1]/div[1]/div[2]/div[4]/div[1]/select[2]]
2022-05-15 13:05:358 INFO  RegisterPage :161 - Selecting year of birth 2001 from dropdown [[ChromeDriver: chrome on WINDOWS (7fcd1b3592948dd09472122d46d25e2d)] -> xpath: //body/div[6]/div[3]/div[1]/div[1]/div[1]/div[2]/form[1]/div[1]/div[2]/div[4]/div[1]/select[3]]
2022-05-15 13:05:475 INFO  RegisterPage :167 - Enter email sampatil@gmail.com to email field [[ChromeDriver: chrome on WINDOWS (7fcd1b3592948dd09472122d46d25e2d)] -> xpath: //input[@type='email' and @name='Email']]
2022-05-15 13:05:595 INFO  RegisterPage :173 - Enter password prime123@ to email field [[ChromeDriver: chrome on WINDOWS (7fcd1b3592948dd09472122d46d25e2d)] -> xpath: //input[@id='Password']]
2022-05-15 13:05:722 INFO  RegisterPage :178 - Enter confirm password prime123@ to email field [[ChromeDriver: chrome on WINDOWS (7fcd1b3592948dd09472122d46d25e2d)] -> xpath: //input[@name='ConfirmPassword']]
2022-05-15 13:05:838 INFO  RegisterPage :183 - Clicking on Register [[ChromeDriver: chrome on WINDOWS (7fcd1b3592948dd09472122d46d25e2d)] -> xpath: //button[contains(text(),'Register')]]
2022-05-15 13:05:661 INFO  RegisterPage :189 - getting registration completed text  [[ChromeDriver: chrome on WINDOWS (7fcd1b3592948dd09472122d46d25e2d)] -> xpath: //div[contains(text(),'Your registration completed')]]<br>
2022-05-15 13:05:381 INFO  ManageDriver :29 - Launching Chrome Browser
2022-05-15 13:05:49 INFO  HomePage :39 - Clicking on login [[ChromeDriver: chrome on WINDOWS (aa5255fc2b6efc10b531630e9cabbc4c)] -> link text: Log in]<br>
2022-05-15 13:05:75 INFO  LoginPage :64 - getting Welcome text from [[ChromeDriver: chrome on WINDOWS (aa5255fc2b6efc10b531630e9cabbc4c)] -> xpath: //h1[contains(text(),'Welcome, Please Sign In!')]]
2022-05-15 13:05:969 INFO  ManageDriver :29 - Launching Chrome Browser
2022-05-15 13:05:648 INFO  HomePage :39 - Clicking on login [[ChromeDriver: chrome on WINDOWS (9c77de87adf1b7a1e849753c683285fd)] -> link text: Log in]<br>
2022-05-15 13:05:675 INFO  LoginPage :64 - getting Welcome text from [[ChromeDriver: chrome on WINDOWS (9c77de87adf1b7a1e849753c683285fd)] -> xpath: //h1[contains(text(),'Welcome, Please Sign In!')]]
2022-05-15 13:05:807 INFO  LoginPage :43 - Enter email sampatil@gmail.com to email field [[ChromeDriver: chrome on WINDOWS (9c77de87adf1b7a1e849753c683285fd)] -> xpath: //input[@id='Email']]
2022-05-15 13:05:909 INFO  LoginPage :48 - Enter password : prime123@ to email field [[ChromeDriver: chrome on WINDOWS (9c77de87adf1b7a1e849753c683285fd)] -> xpath: //input[@id='Password']]
2022-05-15 13:05:620 INFO  LoginPage :53 - Clicking on login [[ChromeDriver: chrome on WINDOWS (9c77de87adf1b7a1e849753c683285fd)] -> xpath: //button[contains(text(),'Log in')]]
2022-05-15 13:05:681 INFO  LoginPage :64 - getting Welcome text from Proxy element for: DefaultElementLocator 'By.xpath: //h1[contains(text(),'Welcome, Please Sign In!')]'
2022-05-15 13:05:567 INFO  ManageDriver :29 - Launching Chrome Browser
2022-05-15 13:05:608 INFO  HomePage :39 - Clicking on login [[ChromeDriver: chrome on WINDOWS (d12bf1169c615cc786d5b82abf0d04ab)] -> link text: Log in]<br>
2022-05-15 13:05:643 INFO  LoginPage :64 - getting Welcome text from [[ChromeDriver: chrome on WINDOWS (d12bf1169c615cc786d5b82abf0d04ab)] -> xpath: //h1[contains(text(),'Welcome, Please Sign In!')]]
2022-05-15 13:05:799 INFO  LoginPage :43 - Enter email sampatil@gmail.com to email field [[ChromeDriver: chrome on WINDOWS (d12bf1169c615cc786d5b82abf0d04ab)] -> xpath: //input[@id='Email']]
2022-05-15 13:05:921 INFO  LoginPage :48 - Enter password : prime123@ to email field [[ChromeDriver: chrome on WINDOWS (d12bf1169c615cc786d5b82abf0d04ab)] -> xpath: //input[@id='Password']]
2022-05-15 13:05:664 INFO  LoginPage :53 - Clicking on login [[ChromeDriver: chrome on WINDOWS (d12bf1169c615cc786d5b82abf0d04ab)] -> xpath: //button[contains(text(),'Log in')]]
2022-05-15 13:05:696 INFO  HomePage :56 - getting Logout text [[ChromeDriver: chrome on WINDOWS (d12bf1169c615cc786d5b82abf0d04ab)] -> xpath: //a[contains(text(),'Log out')]]<br>
2022-05-15 13:05:553 INFO  ManageDriver :29 - Launching Chrome Browser
2022-05-15 13:05:368 INFO  HomePage :39 - Clicking on login [[ChromeDriver: chrome on WINDOWS (c8a16c5ba3bc5b9b06b0a75b9de828de)] -> link text: Log in]<br>
2022-05-15 13:05:399 INFO  LoginPage :64 - getting Welcome text from [[ChromeDriver: chrome on WINDOWS (c8a16c5ba3bc5b9b06b0a75b9de828de)] -> xpath: //h1[contains(text(),'Welcome, Please Sign In!')]]
2022-05-15 13:05:540 INFO  LoginPage :43 - Enter email sampatil@gmail.com to email field [[ChromeDriver: chrome on WINDOWS (c8a16c5ba3bc5b9b06b0a75b9de828de)] -> xpath: //input[@id='Email']]
2022-05-15 13:05:638 INFO  LoginPage :48 - Enter password : prime123@ to email field [[ChromeDriver: chrome on WINDOWS (c8a16c5ba3bc5b9b06b0a75b9de828de)] -> xpath: //input[@id='Password']]
2022-05-15 13:05:383 INFO  LoginPage :53 - Clicking on login [[ChromeDriver: chrome on WINDOWS (c8a16c5ba3bc5b9b06b0a75b9de828de)] -> xpath: //button[contains(text(),'Log in')]]
2022-05-15 13:05:433 INFO  LoginPage :70 - Clicking on logout Proxy element for: DefaultElementLocator 'By.xpath: //button[contains(text(),'Log in')]'
2022-05-15 13:05:775 INFO  LoginPage :58 - getting Login text from Proxy element for: DefaultElementLocator 'By.xpath: //button[contains(text(),'Log in')]'
2022-05-15 13:05:827 INFO  ManageDriver :29 - Launching Chrome Browser
2022-05-15 13:05:729 INFO  HomePage :39 - Clicking on login [[ChromeDriver: chrome on WINDOWS (64581c307fe2adc0c9b505d7b60d1f34)] -> link text: Log in]<br>
2022-05-15 13:05:756 INFO  LoginPage :64 - getting Welcome text from [[ChromeDriver: chrome on WINDOWS (64581c307fe2adc0c9b505d7b60d1f34)] -> xpath: //h1[contains(text(),'Welcome, Please Sign In!')]]
2022-05-15 13:05:889 INFO  LoginPage :43 - Enter email sampatil@gmail.com to email field [[ChromeDriver: chrome on WINDOWS (64581c307fe2adc0c9b505d7b60d1f34)] -> xpath: //input[@id='Email']]
2022-05-15 13:05:986 INFO  LoginPage :48 - Enter password : prime123@ to email field [[ChromeDriver: chrome on WINDOWS (64581c307fe2adc0c9b505d7b60d1f34)] -> xpath: //input[@id='Password']]
2022-05-15 13:05:678 INFO  LoginPage :53 - Clicking on login [[ChromeDriver: chrome on WINDOWS (64581c307fe2adc0c9b505d7b60d1f34)] -> xpath: //button[contains(text(),'Log in')]]
2022-05-15 13:05:745 INFO  LoginPage :64 - getting Welcome text from Proxy element for: DefaultElementLocator 'By.xpath: //h1[contains(text(),'Welcome, Please Sign In!')]'
2022-05-15 14:05:844 INFO  ManageDriver :29 - Launching Chrome Browser
2022-05-15 14:05:280 INFO  HomePage :39 - Clicking on login [[ChromeDriver: chrome on WINDOWS (8536c0dbddbc2d4ede5f1e595d187b2a)] -> link text: Log in]<br>
2022-05-15 14:05:307 INFO  LoginPage :73 - getting Welcome text from [[ChromeDriver: chrome on WINDOWS (8536c0dbddbc2d4ede5f1e595d187b2a)] -> xpath: //h1[contains(text(),'Welcome, Please Sign In!')]]
2022-05-15 14:05:472 INFO  LoginPage :52 - Enter email sampatil@gmail.com to email field [[ChromeDriver: chrome on WINDOWS (8536c0dbddbc2d4ede5f1e595d187b2a)] -> xpath: //input[@id='Email']]
2022-05-15 14:05:583 INFO  LoginPage :57 - Enter password : prime13@ to email field [[ChromeDriver: chrome on WINDOWS (8536c0dbddbc2d4ede5f1e595d187b2a)] -> xpath: //input[@id='Password']]
2022-05-15 14:05:83 INFO  LoginPage :62 - Clicking on login [[ChromeDriver: chrome on WINDOWS (8536c0dbddbc2d4ede5f1e595d187b2a)] -> xpath: //button[contains(text(),'Log in')]]
2022-05-15 14:05:103 INFO  LoginPage :46 - getting error message text from [[ChromeDriver: chrome on WINDOWS (8536c0dbddbc2d4ede5f1e595d187b2a)] -> xpath: //h1[contains(text(),'Welcome, Please Sign In!')]]
2022-05-15 14:05:154 INFO  LoginPage :46 - getting error message text from [[ChromeDriver: chrome on WINDOWS (8536c0dbddbc2d4ede5f1e595d187b2a)] -> xpath: //h1[contains(text(),'Welcome, Please Sign In!')]]
2022-05-15 14:05:525 INFO  ManageDriver :29 - Launching Chrome Browser
2022-05-15 14:05:639 INFO  HomePage :39 - Clicking on login [[ChromeDriver: chrome on WINDOWS (1f4347ef52f6b32479a475d9994eab38)] -> link text: Log in]<br>
2022-05-15 14:05:666 INFO  LoginPage :73 - getting Welcome text from [[ChromeDriver: chrome on WINDOWS (1f4347ef52f6b32479a475d9994eab38)] -> xpath: //h1[contains(text(),'Welcome, Please Sign In!')]]
2022-05-15 14:05:776 INFO  LoginPage :52 - Enter email sampatil@gmail.com to email field [[ChromeDriver: chrome on WINDOWS (1f4347ef52f6b32479a475d9994eab38)] -> xpath: //input[@id='Email']]
2022-05-15 14:05:860 INFO  LoginPage :57 - Enter password : prime13@ to email field [[ChromeDriver: chrome on WINDOWS (1f4347ef52f6b32479a475d9994eab38)] -> xpath: //input[@id='Password']]
2022-05-15 14:05:286 INFO  LoginPage :62 - Clicking on login [[ChromeDriver: chrome on WINDOWS (1f4347ef52f6b32479a475d9994eab38)] -> xpath: //button[contains(text(),'Log in')]]
2022-05-15 14:05:304 INFO  LoginPage :46 - getting error message text from [[ChromeDriver: chrome on WINDOWS (1f4347ef52f6b32479a475d9994eab38)] -> xpath: //h1[contains(text(),'Welcome, Please Sign In!')]]
2022-05-15 14:05:343 INFO  LoginPage :46 - getting error message text from [[ChromeDriver: chrome on WINDOWS (1f4347ef52f6b32479a475d9994eab38)] -> xpath: //h1[contains(text(),'Welcome, Please Sign In!')]]
2022-05-15 14:05:586 INFO  ManageDriver :29 - Launching Chrome Browser
2022-05-15 14:05:357 INFO  HomePage :39 - Clicking on login [[ChromeDriver: chrome on WINDOWS (fa105cc5c78987748c5c80688bf4ce62)] -> link text: Log in]<br>
2022-05-15 14:05:393 INFO  LoginPage :73 - getting Welcome text from [[ChromeDriver: chrome on WINDOWS (fa105cc5c78987748c5c80688bf4ce62)] -> xpath: //h1[contains(text(),'Welcome, Please Sign In!')]]
2022-05-15 14:05:592 INFO  LoginPage :52 - Enter email sampatil@gmail.com to email field [[ChromeDriver: chrome on WINDOWS (fa105cc5c78987748c5c80688bf4ce62)] -> xpath: //input[@id='Email']]
2022-05-15 14:05:721 INFO  LoginPage :57 - Enter password : prime13@ to email field [[ChromeDriver: chrome on WINDOWS (fa105cc5c78987748c5c80688bf4ce62)] -> xpath: //input[@id='Password']]
2022-05-15 14:05:797 INFO  LoginPage :62 - Clicking on login [[ChromeDriver: chrome on WINDOWS (fa105cc5c78987748c5c80688bf4ce62)] -> xpath: //button[contains(text(),'Log in')]]
2022-05-15 14:05:826 INFO  LoginPage :46 - getting error message text from [[ChromeDriver: chrome on WINDOWS (fa105cc5c78987748c5c80688bf4ce62)] -> xpath: //h1[contains(text(),'Welcome, Please Sign In!')]]
2022-05-15 14:05:882 INFO  LoginPage :46 - getting error message text from [[ChromeDriver: chrome on WINDOWS (fa105cc5c78987748c5c80688bf4ce62)] -> xpath: //h1[contains(text(),'Welcome, Please Sign In!')]]
2022-05-15 14:05:827 INFO  ManageDriver :29 - Launching Chrome Browser
2022-05-15 14:05:537 INFO  HomePage :39 - Clicking on login [[ChromeDriver: chrome on WINDOWS (397c849282b9f7e068228b2074931816)] -> link text: Log in]<br>
2022-05-15 14:05:575 INFO  LoginPage :73 - getting Welcome text from [[ChromeDriver: chrome on WINDOWS (397c849282b9f7e068228b2074931816)] -> xpath: //h1[contains(text(),'Welcome, Please Sign In!')]]
2022-05-15 14:05:748 INFO  LoginPage :52 - Enter email sampatil@gmail.com to email field [[ChromeDriver: chrome on WINDOWS (397c849282b9f7e068228b2074931816)] -> xpath: //input[@id='Email']]
2022-05-15 14:05:854 INFO  LoginPage :57 - Enter password : prime13@ to email field [[ChromeDriver: chrome on WINDOWS (397c849282b9f7e068228b2074931816)] -> xpath: //input[@id='Password']]
2022-05-15 14:05:366 INFO  LoginPage :62 - Clicking on login [[ChromeDriver: chrome on WINDOWS (397c849282b9f7e068228b2074931816)] -> xpath: //button[contains(text(),'Log in')]]
2022-05-15 14:05:389 INFO  LoginPage :46 - getting error message text from [[ChromeDriver: chrome on WINDOWS (397c849282b9f7e068228b2074931816)] -> xpath: //h1[contains(text(),'Welcome, Please Sign In!')]]
2022-05-15 14:05:452 INFO  LoginPage :46 - getting error message text from [[ChromeDriver: chrome on WINDOWS (397c849282b9f7e068228b2074931816)] -> xpath: //h1[contains(text(),'Welcome, Please Sign In!')]]
2022-05-15 14:05:539 INFO  ManageDriver :29 - Launching Chrome Browser
2022-05-15 14:05:596 INFO  HomePage :39 - Clicking on login [[ChromeDriver: chrome on WINDOWS (cb109e1598678f64ccccb8d8604b638d)] -> link text: Log in]<br>
2022-05-15 14:05:650 INFO  LoginPage :73 - getting Welcome text from [[ChromeDriver: chrome on WINDOWS (cb109e1598678f64ccccb8d8604b638d)] -> xpath: //h1[contains(text(),'Welcome, Please Sign In!')]]
2022-05-15 14:05:835 INFO  LoginPage :52 - Enter email sampatil@gmail.com to email field [[ChromeDriver: chrome on WINDOWS (cb109e1598678f64ccccb8d8604b638d)] -> xpath: //input[@id='Email']]
2022-05-15 14:05:950 INFO  LoginPage :57 - Enter password : prime123@ to email field [[ChromeDriver: chrome on WINDOWS (cb109e1598678f64ccccb8d8604b638d)] -> xpath: //input[@id='Password']]
2022-05-15 14:05:663 INFO  LoginPage :62 - Clicking on login [[ChromeDriver: chrome on WINDOWS (cb109e1598678f64ccccb8d8604b638d)] -> xpath: //button[contains(text(),'Log in')]]
2022-05-15 14:05:692 INFO  HomePage :56 - getting Logout text [[ChromeDriver: chrome on WINDOWS (cb109e1598678f64ccccb8d8604b638d)] -> xpath: //a[contains(text(),'Log out')]]<br>
2022-05-15 14:05:965 INFO  ManageDriver :29 - Launching Chrome Browser
2022-05-15 14:05:236 INFO  HomePage :39 - Clicking on login [[ChromeDriver: chrome on WINDOWS (f335e76b6b12d506b16dda23c10d752f)] -> link text: Log in]<br>
2022-05-15 14:05:268 INFO  LoginPage :73 - getting Welcome text from [[ChromeDriver: chrome on WINDOWS (f335e76b6b12d506b16dda23c10d752f)] -> xpath: //h1[contains(text(),'Welcome, Please Sign In!')]]
2022-05-15 14:05:406 INFO  LoginPage :52 - Enter email sampatil@gmail.com to email field [[ChromeDriver: chrome on WINDOWS (f335e76b6b12d506b16dda23c10d752f)] -> xpath: //input[@id='Email']]
2022-05-15 14:05:517 INFO  LoginPage :57 - Enter password : prime123@ to email field [[ChromeDriver: chrome on WINDOWS (f335e76b6b12d506b16dda23c10d752f)] -> xpath: //input[@id='Password']]
2022-05-15 14:05:971 INFO  LoginPage :62 - Clicking on login [[ChromeDriver: chrome on WINDOWS (f335e76b6b12d506b16dda23c10d752f)] -> xpath: //button[contains(text(),'Log in')]]
2022-05-15 14:05:28 INFO  HomePage :56 - getting Logout text Proxy element for: DefaultElementLocator 'By.xpath: //a[contains(text(),'Log out')]'<br>
2022-05-15 14:05:281 INFO  ManageDriver :29 - Launching Chrome Browser
2022-05-15 14:05:338 INFO  HomePage :39 - Clicking on login [[ChromeDriver: chrome on WINDOWS (9a8948ad0c88c58b15b69eaf80fe83ab)] -> link text: Log in]<br>
2022-05-15 14:05:376 INFO  LoginPage :73 - getting Welcome text from [[ChromeDriver: chrome on WINDOWS (9a8948ad0c88c58b15b69eaf80fe83ab)] -> xpath: //h1[contains(text(),'Welcome, Please Sign In!')]]
2022-05-15 14:05:525 INFO  LoginPage :52 - Enter email sampatil@gmail.com to email field [[ChromeDriver: chrome on WINDOWS (9a8948ad0c88c58b15b69eaf80fe83ab)] -> xpath: //input[@id='Email']]
2022-05-15 14:05:628 INFO  LoginPage :57 - Enter password : prime123@ to email field [[ChromeDriver: chrome on WINDOWS (9a8948ad0c88c58b15b69eaf80fe83ab)] -> xpath: //input[@id='Password']]
2022-05-15 14:05:91 INFO  LoginPage :62 - Clicking on login [[ChromeDriver: chrome on WINDOWS (9a8948ad0c88c58b15b69eaf80fe83ab)] -> xpath: //button[contains(text(),'Log in')]]
2022-05-15 14:05:161 INFO  HomePage :56 - getting Logout text Proxy element for: DefaultElementLocator 'By.xpath: //a[contains(text(),'Log out')]'<br>
2022-05-15 14:05:78 INFO  ManageDriver :29 - Launching Chrome Browser
2022-05-15 14:05:241 INFO  HomePage :39 - Clicking on login [[ChromeDriver: chrome on WINDOWS (2203001ce62f65fd88411bb069c2556c)] -> link text: Log in]<br>
2022-05-15 14:05:283 INFO  LoginPage :73 - getting Welcome text from [[ChromeDriver: chrome on WINDOWS (2203001ce62f65fd88411bb069c2556c)] -> xpath: //h1[contains(text(),'Welcome, Please Sign In!')]]
2022-05-15 14:05:443 INFO  LoginPage :52 - Enter email sampatil12@gmail.com to email field [[ChromeDriver: chrome on WINDOWS (2203001ce62f65fd88411bb069c2556c)] -> xpath: //input[@id='Email']]
2022-05-15 14:05:562 INFO  LoginPage :57 - Enter password : prime1234@ to email field [[ChromeDriver: chrome on WINDOWS (2203001ce62f65fd88411bb069c2556c)] -> xpath: //input[@id='Password']]
2022-05-15 14:05:719 INFO  LoginPage :62 - Clicking on login [[ChromeDriver: chrome on WINDOWS (2203001ce62f65fd88411bb069c2556c)] -> xpath: //button[contains(text(),'Log in')]]
2022-05-15 14:05:783 INFO  HomePage :56 - getting Logout text Proxy element for: DefaultElementLocator 'By.xpath: //a[contains(text(),'Log out')]'<br>
2022-05-15 14:05:574 INFO  ManageDriver :29 - Launching Chrome Browser
2022-05-15 14:05:177 INFO  HomePage :39 - Clicking on login [[ChromeDriver: chrome on WINDOWS (bdbcf3e3d6b15daa794d5c4e2a9f98e2)] -> link text: Log in]<br>
2022-05-15 14:05:220 INFO  LoginPage :73 - getting Welcome text from [[ChromeDriver: chrome on WINDOWS (bdbcf3e3d6b15daa794d5c4e2a9f98e2)] -> xpath: //h1[contains(text(),'Welcome, Please Sign In!')]]
2022-05-15 14:05:492 INFO  LoginPage :52 - Enter email sampatil@gmail.com to email field [[ChromeDriver: chrome on WINDOWS (bdbcf3e3d6b15daa794d5c4e2a9f98e2)] -> xpath: //input[@id='Email']]
2022-05-15 14:05:614 INFO  LoginPage :57 - Enter password : prime123@ to email field [[ChromeDriver: chrome on WINDOWS (bdbcf3e3d6b15daa794d5c4e2a9f98e2)] -> xpath: //input[@id='Password']]
2022-05-15 14:05:92 INFO  LoginPage :62 - Clicking on login [[ChromeDriver: chrome on WINDOWS (bdbcf3e3d6b15daa794d5c4e2a9f98e2)] -> xpath: //button[contains(text(),'Log in')]]
2022-05-15 14:05:162 INFO  HomePage :56 - getting Logout text Proxy element for: DefaultElementLocator 'By.xpath: //a[contains(text(),'Log out')]'<br>
2022-05-15 14:05:542 INFO  ManageDriver :29 - Launching Chrome Browser
2022-05-15 14:05:222 INFO  HomePage :39 - Clicking on login [[ChromeDriver: chrome on WINDOWS (12d28fb292eb7f6898609eb2fab70659)] -> link text: Log in]<br>
2022-05-15 14:05:266 INFO  LoginPage :73 - getting Welcome text from [[ChromeDriver: chrome on WINDOWS (12d28fb292eb7f6898609eb2fab70659)] -> xpath: //h1[contains(text(),'Welcome, Please Sign In!')]]
2022-05-15 14:05:413 INFO  LoginPage :52 - Enter email kapil123@gmail.com to email field [[ChromeDriver: chrome on WINDOWS (12d28fb292eb7f6898609eb2fab70659)] -> xpath: //input[@id='Email']]
2022-05-15 14:05:529 INFO  LoginPage :57 - Enter password : 123456 to email field [[ChromeDriver: chrome on WINDOWS (12d28fb292eb7f6898609eb2fab70659)] -> xpath: //input[@id='Password']]
2022-05-15 14:05:252 INFO  LoginPage :62 - Clicking on login [[ChromeDriver: chrome on WINDOWS (12d28fb292eb7f6898609eb2fab70659)] -> xpath: //button[contains(text(),'Log in')]]
2022-05-15 14:05:284 INFO  HomePage :56 - getting Logout text [[ChromeDriver: chrome on WINDOWS (12d28fb292eb7f6898609eb2fab70659)] -> xpath: //a[contains(text(),'Log out')]]<br>
2022-05-15 14:05:461 INFO  ManageDriver :29 - Launching Chrome Browser
2022-05-15 14:05:605 INFO  HomePage :39 - Clicking on login [[ChromeDriver: chrome on WINDOWS (0350bbfdce9bc05b5f35345fbcb59ab7)] -> link text: Log in]<br>
2022-05-15 14:05:637 INFO  LoginPage :73 - getting Welcome text from [[ChromeDriver: chrome on WINDOWS (0350bbfdce9bc05b5f35345fbcb59ab7)] -> xpath: //h1[contains(text(),'Welcome, Please Sign In!')]]
2022-05-15 14:05:804 INFO  LoginPage :52 - Enter email kapil123@gmail.com to email field [[ChromeDriver: chrome on WINDOWS (0350bbfdce9bc05b5f35345fbcb59ab7)] -> xpath: //input[@id='Email']]
2022-05-15 14:05:920 INFO  LoginPage :57 - Enter password : 123456 to email field [[ChromeDriver: chrome on WINDOWS (0350bbfdce9bc05b5f35345fbcb59ab7)] -> xpath: //input[@id='Password']]
2022-05-15 14:05:694 INFO  LoginPage :62 - Clicking on login [[ChromeDriver: chrome on WINDOWS (0350bbfdce9bc05b5f35345fbcb59ab7)] -> xpath: //button[contains(text(),'Log in')]]
2022-05-15 14:05:793 INFO  LoginPage :79 - Clicking on logout Proxy element for: DefaultElementLocator 'By.xpath: //button[contains(text(),'Log in')]'
2022-05-15 14:05:30 INFO  LoginPage :67 - getting Login text from Proxy element for: DefaultElementLocator 'By.xpath: //button[contains(text(),'Log in')]'
2022-05-15 14:05:91 INFO  ManageDriver :29 - Launching Chrome Browser
2022-05-15 14:05:801 INFO  HomePage :39 - Clicking on login [[ChromeDriver: chrome on WINDOWS (df1eff8e70e6dce0a1babc2a9ffff7b9)] -> link text: Log in]<br>
2022-05-15 14:05:841 INFO  LoginPage :73 - getting Welcome text from [[ChromeDriver: chrome on WINDOWS (df1eff8e70e6dce0a1babc2a9ffff7b9)] -> xpath: //h1[contains(text(),'Welcome, Please Sign In!')]]
2022-05-15 14:05:04 INFO  LoginPage :52 - Enter email kapil123@gmail.com to email field [[ChromeDriver: chrome on WINDOWS (df1eff8e70e6dce0a1babc2a9ffff7b9)] -> xpath: //input[@id='Email']]
2022-05-15 14:05:130 INFO  LoginPage :57 - Enter password : 123456 to email field [[ChromeDriver: chrome on WINDOWS (df1eff8e70e6dce0a1babc2a9ffff7b9)] -> xpath: //input[@id='Password']]
2022-05-15 14:05:881 INFO  LoginPage :62 - Clicking on login [[ChromeDriver: chrome on WINDOWS (df1eff8e70e6dce0a1babc2a9ffff7b9)] -> xpath: //button[contains(text(),'Log in')]]
2022-05-15 14:05:932 INFO  LoginPage :79 - Clicking on logout Proxy element for: DefaultElementLocator 'By.xpath: //button[contains(text(),'Log in')]'
2022-05-15 14:05:339 INFO  LoginPage :67 - getting Login text from Proxy element for: DefaultElementLocator 'By.xpath: //button[contains(text(),'Log in')]'
2022-05-15 14:05:168 INFO  ManageDriver :29 - Launching Chrome Browser
2022-05-15 14:05:994 INFO  HomePage :39 - Clicking on login [[ChromeDriver: chrome on WINDOWS (980b9acfd6982ddec1ac59b7fee7b8e5)] -> link text: Log in]<br>
2022-05-15 14:05:28 INFO  LoginPage :73 - getting Welcome text from [[ChromeDriver: chrome on WINDOWS (980b9acfd6982ddec1ac59b7fee7b8e5)] -> xpath: //h1[contains(text(),'Welcome, Please Sign In!')]]
2022-05-15 14:05:233 INFO  LoginPage :52 - Enter email kapil123@gmail.com to email field [[ChromeDriver: chrome on WINDOWS (980b9acfd6982ddec1ac59b7fee7b8e5)] -> xpath: //input[@id='Email']]
2022-05-15 14:05:363 INFO  LoginPage :57 - Enter password : 123456 to email field [[ChromeDriver: chrome on WINDOWS (980b9acfd6982ddec1ac59b7fee7b8e5)] -> xpath: //input[@id='Password']]
2022-05-15 14:05:735 INFO  LoginPage :62 - Clicking on login [[ChromeDriver: chrome on WINDOWS (980b9acfd6982ddec1ac59b7fee7b8e5)] -> xpath: //button[contains(text(),'Log in')]]
2022-05-15 14:05:803 INFO  LoginPage :79 - Clicking on logout Proxy element for: DefaultElementLocator 'By.xpath: //button[contains(text(),'Log in')]'
2022-05-15 14:05:153 INFO  HomePage :56 - getting Logout text Proxy element for: DefaultElementLocator 'By.xpath: //a[contains(text(),'Log out')]'<br>
2022-05-15 14:05:858 INFO  ManageDriver :29 - Launching Chrome Browser
2022-05-15 14:05:208 INFO  HomePage :39 - Clicking on login [[ChromeDriver: chrome on WINDOWS (5a635fcb96a42ba72e8aaf753e655f04)] -> xpath: //a[contains(text(),'Log in')]]<br>
2022-05-15 14:05:246 INFO  LoginPage :73 - getting Welcome text from [[ChromeDriver: chrome on WINDOWS (5a635fcb96a42ba72e8aaf753e655f04)] -> xpath: //h1[contains(text(),'Welcome, Please Sign In!')]]
2022-05-15 14:05:449 INFO  LoginPage :52 - Enter email kapil123@gmail.com to email field [[ChromeDriver: chrome on WINDOWS (5a635fcb96a42ba72e8aaf753e655f04)] -> xpath: //input[@id='Email']]
2022-05-15 14:05:585 INFO  LoginPage :57 - Enter password : 123456 to email field [[ChromeDriver: chrome on WINDOWS (5a635fcb96a42ba72e8aaf753e655f04)] -> xpath: //input[@id='Password']]
2022-05-15 14:05:13 INFO  LoginPage :62 - Clicking on login [[ChromeDriver: chrome on WINDOWS (5a635fcb96a42ba72e8aaf753e655f04)] -> xpath: //button[contains(text(),'Log in')]]
2022-05-15 14:05:83 INFO  LoginPage :79 - Clicking on logout Proxy element for: DefaultElementLocator 'By.xpath: //button[contains(text(),'Log in')]'
2022-05-15 14:05:458 INFO  HomePage :56 - getting Logout text Proxy element for: DefaultElementLocator 'By.xpath: //a[contains(text(),'Log out')]'<br>
2022-05-15 14:05:269 INFO  ManageDriver :29 - Launching Chrome Browser
2022-05-15 14:05:56 INFO  HomePage :39 - Clicking on login [[ChromeDriver: chrome on WINDOWS (bbf50ccecbd32b23bcde7cc6dd4c8356)] -> xpath: //a[contains(text(),'Log in')]]<br>
2022-05-15 14:05:104 INFO  LoginPage :73 - getting Welcome text from [[ChromeDriver: chrome on WINDOWS (bbf50ccecbd32b23bcde7cc6dd4c8356)] -> xpath: //h1[contains(text(),'Welcome, Please Sign In!')]]
2022-05-15 14:05:336 INFO  LoginPage :52 - Enter email kapil123@gmail.com to email field [[ChromeDriver: chrome on WINDOWS (bbf50ccecbd32b23bcde7cc6dd4c8356)] -> xpath: //input[@id='Email']]
2022-05-15 14:05:482 INFO  LoginPage :57 - Enter password : 123456 to email field [[ChromeDriver: chrome on WINDOWS (bbf50ccecbd32b23bcde7cc6dd4c8356)] -> xpath: //input[@id='Password']]
2022-05-15 14:05:932 INFO  LoginPage :62 - Clicking on login [[ChromeDriver: chrome on WINDOWS (bbf50ccecbd32b23bcde7cc6dd4c8356)] -> xpath: //button[contains(text(),'Log in')]]
2022-05-15 14:05:25 INFO  LoginPage :79 - Clicking on logout Proxy element for: DefaultElementLocator 'By.xpath: //button[contains(text(),'Log in')]'
2022-05-15 14:05:383 INFO  HomePage :56 - getting Logout text Proxy element for: DefaultElementLocator 'By.xpath: //a[contains(text(),'Log out')]'<br>
2022-05-15 14:05:291 INFO  ManageDriver :29 - Launching Chrome Browser
2022-05-15 14:05:84 INFO  HomePage :39 - Clicking on login [[ChromeDriver: chrome on WINDOWS (becaeba5162600711e342ed1b363bcc0)] -> xpath: //a[contains(text(),'Log in')]]<br>
2022-05-15 14:05:140 INFO  LoginPage :73 - getting Welcome text from [[ChromeDriver: chrome on WINDOWS (becaeba5162600711e342ed1b363bcc0)] -> xpath: //h1[contains(text(),'Welcome, Please Sign In!')]]
2022-05-15 14:05:334 INFO  LoginPage :52 - Enter email kapil123@gmail.com to email field [[ChromeDriver: chrome on WINDOWS (becaeba5162600711e342ed1b363bcc0)] -> xpath: //input[@id='Email']]
2022-05-15 14:05:473 INFO  LoginPage :57 - Enter password : 123456 to email field [[ChromeDriver: chrome on WINDOWS (becaeba5162600711e342ed1b363bcc0)] -> xpath: //input[@id='Password']]
2022-05-15 14:05:864 INFO  LoginPage :62 - Clicking on login [[ChromeDriver: chrome on WINDOWS (becaeba5162600711e342ed1b363bcc0)] -> xpath: //button[contains(text(),'Log in')]]
2022-05-15 15:05:931 INFO  LoginPage :79 - Clicking on logout Proxy element for: DefaultElementLocator 'By.xpath: //button[contains(text(),'Log in')]'
2022-05-15 15:05:528 INFO  ManageDriver :29 - Launching Chrome Browser
2022-05-15 15:05:288 INFO  HomePage :39 - Clicking on login [[ChromeDriver: chrome on WINDOWS (babad20d1ff862f134e4eb64f1afd696)] -> xpath: //a[contains(text(),'Log in')]]<br>
2022-05-15 15:05:317 INFO  LoginPage :73 - getting Welcome text from [[ChromeDriver: chrome on WINDOWS (babad20d1ff862f134e4eb64f1afd696)] -> xpath: //h1[contains(text(),'Welcome, Please Sign In!')]]
2022-05-15 15:05:504 INFO  LoginPage :52 - Enter email kapil123@gmail.com to email field [[ChromeDriver: chrome on WINDOWS (babad20d1ff862f134e4eb64f1afd696)] -> xpath: //input[@id='Email']]
2022-05-15 15:05:617 INFO  LoginPage :57 - Enter password : 123456 to email field [[ChromeDriver: chrome on WINDOWS (babad20d1ff862f134e4eb64f1afd696)] -> xpath: //input[@id='Password']]
2022-05-15 15:05:356 INFO  LoginPage :62 - Clicking on login [[ChromeDriver: chrome on WINDOWS (babad20d1ff862f134e4eb64f1afd696)] -> xpath: //button[contains(text(),'Log in')]]
2022-05-15 15:05:405 INFO  LoginPage :79 - Clicking on logout Proxy element for: DefaultElementLocator 'By.xpath: //button[contains(text(),'Log in')]'
2022-05-15 15:05:508 INFO  ManageDriver :29 - Launching Chrome Browser
2022-05-15 15:05:903 INFO  HomePage :39 - Clicking on login [[ChromeDriver: chrome on WINDOWS (3bc84dc387917b460ae39742b0f9d76c)] -> xpath: //a[contains(text(),'Log in')]]<br>
2022-05-15 15:05:951 INFO  LoginPage :73 - getting Welcome text from [[ChromeDriver: chrome on WINDOWS (3bc84dc387917b460ae39742b0f9d76c)] -> xpath: //h1[contains(text(),'Welcome, Please Sign In!')]]
2022-05-15 15:05:116 INFO  ManageDriver :29 - Launching Chrome Browser
2022-05-15 15:05:399 INFO  HomePage :39 - Clicking on login [[ChromeDriver: chrome on WINDOWS (2ca8c0264b014649e93535ef17a8e238)] -> xpath: //a[contains(text(),'Log in')]]<br>
2022-05-15 15:05:443 INFO  LoginPage :73 - getting Welcome text from [[ChromeDriver: chrome on WINDOWS (2ca8c0264b014649e93535ef17a8e238)] -> xpath: //h1[contains(text(),'Welcome, Please Sign In!')]]
2022-05-15 15:05:610 INFO  LoginPage :52 - Enter email kapil123@gmail.com to email field [[ChromeDriver: chrome on WINDOWS (2ca8c0264b014649e93535ef17a8e238)] -> xpath: //input[@id='Email']]
2022-05-15 15:05:745 INFO  LoginPage :57 - Enter password : 123456 to email field [[ChromeDriver: chrome on WINDOWS (2ca8c0264b014649e93535ef17a8e238)] -> xpath: //input[@id='Password']]
2022-05-15 15:05:480 INFO  LoginPage :62 - Clicking on login [[ChromeDriver: chrome on WINDOWS (2ca8c0264b014649e93535ef17a8e238)] -> xpath: //button[contains(text(),'Log in')]]
2022-05-15 15:05:535 INFO  LoginPage :46 - getting error message text from Proxy element for: DefaultElementLocator 'By.xpath: //h1[contains(text(),'Welcome, Please Sign In!')]'
2022-05-15 15:05:295 INFO  ManageDriver :29 - Launching Chrome Browser
2022-05-15 15:05:618 INFO  HomePage :39 - Clicking on login [[ChromeDriver: chrome on WINDOWS (b42d361442c3bc896c58934a0b3705ac)] -> xpath: //a[contains(text(),'Log in')]]<br>
2022-05-15 15:05:657 INFO  LoginPage :73 - getting Welcome text from [[ChromeDriver: chrome on WINDOWS (b42d361442c3bc896c58934a0b3705ac)] -> xpath: //h1[contains(text(),'Welcome, Please Sign In!')]]
2022-05-15 15:05:832 INFO  LoginPage :52 - Enter email kapil123@gmail.com to email field [[ChromeDriver: chrome on WINDOWS (b42d361442c3bc896c58934a0b3705ac)] -> xpath: //input[@id='Email']]
2022-05-15 15:05:960 INFO  LoginPage :57 - Enter password : 123456 to email field [[ChromeDriver: chrome on WINDOWS (b42d361442c3bc896c58934a0b3705ac)] -> xpath: //input[@id='Password']]
2022-05-15 15:05:699 INFO  LoginPage :62 - Clicking on login [[ChromeDriver: chrome on WINDOWS (b42d361442c3bc896c58934a0b3705ac)] -> xpath: //button[contains(text(),'Log in')]]
2022-05-15 15:05:742 INFO  HomePage :56 - getting Logout text [[ChromeDriver: chrome on WINDOWS (b42d361442c3bc896c58934a0b3705ac)] -> xpath: //a[contains(text(),'Log out')]]<br>
2022-05-15 15:05:827 INFO  ManageDriver :29 - Launching Chrome Browser
2022-05-15 15:05:481 INFO  HomePage :39 - Clicking on login [[ChromeDriver: chrome on WINDOWS (834e2d0ca36e4d4622eb8250ffe5df6a)] -> xpath: //a[contains(text(),'Log in')]]<br>
2022-05-15 15:05:513 INFO  LoginPage :73 - getting Welcome text from [[ChromeDriver: chrome on WINDOWS (834e2d0ca36e4d4622eb8250ffe5df6a)] -> xpath: //h1[contains(text(),'Welcome, Please Sign In!')]]
2022-05-15 15:05:696 INFO  LoginPage :52 - Enter email kapil123@gmail.com to email field [[ChromeDriver: chrome on WINDOWS (834e2d0ca36e4d4622eb8250ffe5df6a)] -> xpath: //input[@id='Email']]
2022-05-15 15:05:824 INFO  LoginPage :57 - Enter password : 123456 to email field [[ChromeDriver: chrome on WINDOWS (834e2d0ca36e4d4622eb8250ffe5df6a)] -> xpath: //input[@id='Password']]
2022-05-15 15:05:538 INFO  LoginPage :62 - Clicking on login [[ChromeDriver: chrome on WINDOWS (834e2d0ca36e4d4622eb8250ffe5df6a)] -> xpath: //button[contains(text(),'Log in')]]
2022-05-15 15:05:590 INFO  LoginPage :79 - Clicking on logout Proxy element for: DefaultElementLocator 'By.xpath: //button[contains(text(),'Log in')]'
2022-05-15 15:05:834 INFO  ManageDriver :29 - Launching Chrome Browser
2022-05-15 15:05:882 INFO  HomePage :51 - Clicking on Computer [[ChromeDriver: chrome on WINDOWS (5bf95d0ac454239fd07ac8a0d3cd26b7)] -> xpath: //ul[@class='top-menu notmobile']//a[contains(text(),'Computers')]]<br>
2022-05-15 15:05:954 INFO  ComputerPage :45 - Clicking on Desktop [[ChromeDriver: chrome on WINDOWS (5bf95d0ac454239fd07ac8a0d3cd26b7)] -> xpath: //body/div[6]/div[3]/div[1]/div[3]/div[1]/div[2]/div[1]/div[1]/div[1]/div[1]/h2[1]/a[1]]
2022-05-15 15:05:439 INFO  ManageDriver :29 - Launching Chrome Browser
2022-05-15 15:05:849 INFO  HomePage :51 - Clicking on Computer [[ChromeDriver: chrome on WINDOWS (ce2a107b5089633281e525f6a2821abc)] -> xpath: //ul[@class='top-menu notmobile']//a[contains(text(),'Computers')]]<br>
2022-05-15 15:05:910 INFO  ComputerPage :45 - Clicking on Desktop [[ChromeDriver: chrome on WINDOWS (ce2a107b5089633281e525f6a2821abc)] -> xpath: //body/div[6]/div[3]/div[1]/div[3]/div[1]/div[2]/div[1]/div[1]/div[1]/div[1]/h2[1]/a[1]]
2022-05-15 15:05:815 INFO  ManageDriver :29 - Launching Chrome Browser
2022-05-15 15:05:265 INFO  HomePage :51 - Clicking on Computer [[ChromeDriver: chrome on WINDOWS (a578ee8798dc5de009caf8c31c321cb7)] -> xpath: //ul[@class='top-menu notmobile']//a[contains(text(),'Computers')]]<br>
2022-05-15 15:05:334 INFO  ComputerPage :45 - Clicking on Desktop [[ChromeDriver: chrome on WINDOWS (a578ee8798dc5de009caf8c31c321cb7)] -> xpath: //body/div[6]/div[3]/div[1]/div[3]/div[1]/div[2]/div[1]/div[1]/div[1]/div[1]/h2[1]/a[1]]
2022-05-15 15:05:688 INFO  ManageDriver :29 - Launching Chrome Browser
2022-05-15 15:05:20 INFO  HomePage :51 - Clicking on Computer [[ChromeDriver: chrome on WINDOWS (3ada2297f2e372f64adba203c1bc7158)] -> xpath: //ul[@class='top-menu notmobile']//a[contains(text(),'Computers')]]<br>
2022-05-15 15:05:461 INFO  ManageDriver :29 - Launching Chrome Browser
2022-05-15 15:05:833 INFO  HomePage :51 - Clicking on Computer [[ChromeDriver: chrome on WINDOWS (8eda2da7b88bb7ce36a5cdda558abd0f)] -> xpath: //ul[@class='top-menu notmobile']//a[contains(text(),'Computers')]]<br>
2022-05-15 15:05:900 INFO  ComputerPage :45 - Clicking on Desktop [[ChromeDriver: chrome on WINDOWS (8eda2da7b88bb7ce36a5cdda558abd0f)] -> xpath: //body/div[6]/div[3]/div[1]/div[3]/div[1]/div[2]/div[1]/div[1]/div[1]/div[1]/h2[1]/a[1]]
2022-05-15 15:05:710 INFO  BuildYourOwnComputerPage :91 - Enter email 2.2 GHz Intel Pentium Dual-Core E2200 to email field [[ChromeDriver: chrome on WINDOWS (8eda2da7b88bb7ce36a5cdda558abd0f)] -> xpath: //select[@id='product_attribute_1']]<br>
2022-05-15 15:05:816 INFO  BuildYourOwnComputerPage :97 - Selecting RAM 2 GB from dropdown [[ChromeDriver: chrome on WINDOWS (8eda2da7b88bb7ce36a5cdda558abd0f)] -> xpath: //select[@name='product_attribute_2']]<br>
2022-05-15 15:05:901 INFO  BuildYourOwnComputerPage :174 - Clicking on Harddrive [[ChromeDriver: chrome on WINDOWS (8eda2da7b88bb7ce36a5cdda558abd0f)] -> xpath: //input[@id='product_attribute_3_7']]<br>
2022-05-15 15:05:981 INFO  BuildYourOwnComputerPage :109 - Clicking on operating system [[ChromeDriver: chrome on WINDOWS (8eda2da7b88bb7ce36a5cdda558abd0f)] -> xpath: //input[@name='product_attribute_5' and @value='12']]<br>
2022-05-15 15:05:38 INFO  BuildYourOwnComputerPage :115 - Clicking on software [[ChromeDriver: chrome on WINDOWS (8eda2da7b88bb7ce36a5cdda558abd0f)] -> xpath: //input[@name='product_attribute_5' and @value='12']]<br>
2022-05-15 15:05:58 INFO  BuildYourOwnComputerPage :86 - Clicking on addtocart [[ChromeDriver: chrome on WINDOWS (8eda2da7b88bb7ce36a5cdda558abd0f)] -> xpath: //input[@name='product_attribute_5' and @value='12']]
2022-05-15 15:05:143 INFO  ManageDriver :29 - Launching Chrome Browser
2022-05-15 15:05:428 INFO  HomePage :51 - Clicking on Computer [[ChromeDriver: chrome on WINDOWS (a4e215d55a3e2b8154d848334e42bc34)] -> xpath: //ul[@class='top-menu notmobile']//a[contains(text(),'Computers')]]<br>
2022-05-15 15:05:473 INFO  ComputerPage :45 - Clicking on Desktop [[ChromeDriver: chrome on WINDOWS (a4e215d55a3e2b8154d848334e42bc34)] -> xpath: //body/div[6]/div[3]/div[1]/div[3]/div[1]/div[2]/div[1]/div[1]/div[1]/div[1]/h2[1]/a[1]]
2022-05-15 15:05:214 INFO  BuildYourOwnComputerPage :91 - Enter email 2.5 GHz Intel Pentium Dual-Core E2200 [+$15.00] to email field [[ChromeDriver: chrome on WINDOWS (a4e215d55a3e2b8154d848334e42bc34)] -> xpath: //select[@id='product_attribute_1']]<br>
2022-05-15 15:05:317 INFO  BuildYourOwnComputerPage :97 - Selecting RAM 4GB [+$20.00] from dropdown [[ChromeDriver: chrome on WINDOWS (a4e215d55a3e2b8154d848334e42bc34)] -> xpath: //select[@name='product_attribute_2']]<br>
2022-05-15 15:05:400 INFO  BuildYourOwnComputerPage :174 - Clicking on Harddrive [[ChromeDriver: chrome on WINDOWS (a4e215d55a3e2b8154d848334e42bc34)] -> xpath: //input[@id='product_attribute_3_7']]<br>
2022-05-15 15:05:469 INFO  BuildYourOwnComputerPage :109 - Clicking on operating system [[ChromeDriver: chrome on WINDOWS (a4e215d55a3e2b8154d848334e42bc34)] -> xpath: //input[@name='product_attribute_5' and @value='12']]<br>
2022-05-15 15:05:519 INFO  BuildYourOwnComputerPage :115 - Clicking on software [[ChromeDriver: chrome on WINDOWS (a4e215d55a3e2b8154d848334e42bc34)] -> xpath: //input[@name='product_attribute_5' and @value='12']]<br>
2022-05-15 15:05:549 INFO  BuildYourOwnComputerPage :86 - Clicking on addtocart [[ChromeDriver: chrome on WINDOWS (a4e215d55a3e2b8154d848334e42bc34)] -> xpath: //input[@name='product_attribute_5' and @value='12']]
2022-05-15 15:05:542 INFO  ManageDriver :29 - Launching Chrome Browser
2022-05-15 15:05:276 INFO  HomePage :51 - Clicking on Computer [[ChromeDriver: chrome on WINDOWS (bd242c033818cc094127a93b5fb0f930)] -> xpath: //ul[@class='top-menu notmobile']//a[contains(text(),'Computers')]]<br>
2022-05-15 15:05:325 INFO  ComputerPage :45 - Clicking on Desktop [[ChromeDriver: chrome on WINDOWS (bd242c033818cc094127a93b5fb0f930)] -> xpath: //body/div[6]/div[3]/div[1]/div[3]/div[1]/div[2]/div[1]/div[1]/div[1]/div[1]/h2[1]/a[1]]
2022-05-15 15:05:772 INFO  BuildYourOwnComputerPage :91 - Enter email 2.5 GHz Intel Pentium Dual-Core E2200 [+$15.00] to email field [[ChromeDriver: chrome on WINDOWS (bd242c033818cc094127a93b5fb0f930)] -> xpath: //select[@id='product_attribute_1']]<br>
2022-05-15 15:05:885 INFO  BuildYourOwnComputerPage :97 - Selecting RAM 8GB [+$60.00] from dropdown [[ChromeDriver: chrome on WINDOWS (bd242c033818cc094127a93b5fb0f930)] -> xpath: //select[@name='product_attribute_2']]<br>
2022-05-15 15:05:28 INFO  BuildYourOwnComputerPage :174 - Clicking on Harddrive [[ChromeDriver: chrome on WINDOWS (bd242c033818cc094127a93b5fb0f930)] -> xpath: //input[@id='product_attribute_3_7']]<br>
2022-05-15 15:05:117 INFO  BuildYourOwnComputerPage :109 - Clicking on operating system [[ChromeDriver: chrome on WINDOWS (bd242c033818cc094127a93b5fb0f930)] -> xpath: //input[@name='product_attribute_5' and @value='12']]<br>
2022-05-15 15:05:173 INFO  BuildYourOwnComputerPage :115 - Clicking on software [[ChromeDriver: chrome on WINDOWS (bd242c033818cc094127a93b5fb0f930)] -> xpath: //input[@name='product_attribute_5' and @value='12']]<br>
2022-05-15 15:05:190 INFO  BuildYourOwnComputerPage :86 - Clicking on addtocart [[ChromeDriver: chrome on WINDOWS (bd242c033818cc094127a93b5fb0f930)] -> xpath: //input[@name='product_attribute_5' and @value='12']]
2022-05-15 15:05:649 INFO  ManageDriver :29 - Launching Chrome Browser
2022-05-15 15:05:554 INFO  HomePage :51 - Clicking on Computer [[ChromeDriver: chrome on WINDOWS (b178fdbf8067b1ea047d5e9b2d58ba82)] -> xpath: //ul[@class='top-menu notmobile']//a[contains(text(),'Computers')]]<br>
2022-05-15 15:05:602 INFO  ComputerPage :39 - getting computer text  [[ChromeDriver: chrome on WINDOWS (b178fdbf8067b1ea047d5e9b2d58ba82)] -> xpath: //h1[contains(text(),'Computers')]]
2022-05-15 15:05:664 INFO  ManageDriver :29 - Launching Chrome Browser
2022-05-15 15:05:967 INFO  HomePage :51 - Clicking on Computer [[ChromeDriver: chrome on WINDOWS (5917786e1902d3ecb2ac6ff3d30a1568)] -> xpath: //ul[@class='top-menu notmobile']//a[contains(text(),'Computers')]]<br>
2022-05-15 15:05:23 INFO  ComputerPage :45 - Clicking on Desktop [[ChromeDriver: chrome on WINDOWS (5917786e1902d3ecb2ac6ff3d30a1568)] -> xpath: //body/div[6]/div[3]/div[1]/div[3]/div[1]/div[2]/div[1]/div[1]/div[1]/div[1]/h2[1]/a[1]]
2022-05-15 15:05:458 INFO  ManageDriver :29 - Launching Chrome Browser
2022-05-15 15:05:397 INFO  HomePage :51 - Clicking on Computer [[ChromeDriver: chrome on WINDOWS (c6f451e09a27494944bb85ad305e8fef)] -> xpath: //ul[@class='top-menu notmobile']//a[contains(text(),'Computers')]]<br>
2022-05-15 15:05:472 INFO  ComputerPage :45 - Clicking on Desktop [[ChromeDriver: chrome on WINDOWS (c6f451e09a27494944bb85ad305e8fef)] -> xpath: //body/div[6]/div[3]/div[1]/div[3]/div[1]/div[2]/div[1]/div[1]/div[1]/div[1]/h2[1]/a[1]]
2022-05-15 15:05:392 INFO  BuildYourOwnComputerPage :91 - Enter email 2.2 GHz Intel Pentium Dual-Core E2200 to email field [[ChromeDriver: chrome on WINDOWS (c6f451e09a27494944bb85ad305e8fef)] -> xpath: //select[@id='product_attribute_1']]<br>
2022-05-15 15:05:559 INFO  BuildYourOwnComputerPage :97 - Selecting RAM 2 GB from dropdown [[ChromeDriver: chrome on WINDOWS (c6f451e09a27494944bb85ad305e8fef)] -> xpath: //select[@name='product_attribute_2']]<br>
2022-05-15 15:05:665 INFO  BuildYourOwnComputerPage :174 - Clicking on Harddrive [[ChromeDriver: chrome on WINDOWS (c6f451e09a27494944bb85ad305e8fef)] -> xpath: //input[@id='product_attribute_3_7']]<br>
2022-05-15 15:05:761 INFO  BuildYourOwnComputerPage :109 - Clicking on operating system [[ChromeDriver: chrome on WINDOWS (c6f451e09a27494944bb85ad305e8fef)] -> xpath: //input[@name='product_attribute_5' and @value='12']]<br>
2022-05-15 15:05:828 INFO  BuildYourOwnComputerPage :115 - Clicking on software [[ChromeDriver: chrome on WINDOWS (c6f451e09a27494944bb85ad305e8fef)] -> xpath: //input[@name='product_attribute_5' and @value='12']]<br>
2022-05-15 15:05:854 INFO  BuildYourOwnComputerPage :86 - Clicking on addtocart [[ChromeDriver: chrome on WINDOWS (c6f451e09a27494944bb85ad305e8fef)] -> xpath: //input[@name='product_attribute_5' and @value='12']]
2022-05-15 15:05:100 INFO  ManageDriver :29 - Launching Chrome Browser
2022-05-15 15:05:603 INFO  HomePage :51 - Clicking on Computer [[ChromeDriver: chrome on WINDOWS (e760b1359e628945420fd0251e73216f)] -> xpath: //ul[@class='top-menu notmobile']//a[contains(text(),'Computers')]]<br>
2022-05-15 15:05:670 INFO  ComputerPage :45 - Clicking on Desktop [[ChromeDriver: chrome on WINDOWS (e760b1359e628945420fd0251e73216f)] -> xpath: //body/div[6]/div[3]/div[1]/div[3]/div[1]/div[2]/div[1]/div[1]/div[1]/div[1]/h2[1]/a[1]]
2022-05-15 15:05:630 INFO  BuildYourOwnComputerPage :91 - Enter email 2.5 GHz Intel Pentium Dual-Core E2200 [+$15.00] to email field [[ChromeDriver: chrome on WINDOWS (e760b1359e628945420fd0251e73216f)] -> xpath: //select[@id='product_attribute_1']]<br>
2022-05-15 15:05:735 INFO  BuildYourOwnComputerPage :97 - Selecting RAM 4GB [+$20.00] from dropdown [[ChromeDriver: chrome on WINDOWS (e760b1359e628945420fd0251e73216f)] -> xpath: //select[@name='product_attribute_2']]<br>
2022-05-15 15:05:833 INFO  BuildYourOwnComputerPage :174 - Clicking on Harddrive [[ChromeDriver: chrome on WINDOWS (e760b1359e628945420fd0251e73216f)] -> xpath: //input[@id='product_attribute_3_7']]<br>
2022-05-15 15:05:904 INFO  BuildYourOwnComputerPage :109 - Clicking on operating system [[ChromeDriver: chrome on WINDOWS (e760b1359e628945420fd0251e73216f)] -> xpath: //input[@name='product_attribute_5' and @value='12']]<br>
2022-05-15 15:05:972 INFO  BuildYourOwnComputerPage :115 - Clicking on software [[ChromeDriver: chrome on WINDOWS (e760b1359e628945420fd0251e73216f)] -> xpath: //input[@name='product_attribute_5' and @value='12']]<br>
2022-05-15 15:05:994 INFO  BuildYourOwnComputerPage :86 - Clicking on addtocart [[ChromeDriver: chrome on WINDOWS (e760b1359e628945420fd0251e73216f)] -> xpath: //input[@name='product_attribute_5' and @value='12']]
2022-05-15 15:05:81 INFO  ManageDriver :29 - Launching Chrome Browser
2022-05-15 15:05:296 INFO  HomePage :51 - Clicking on Computer [[ChromeDriver: chrome on WINDOWS (638355637e17246557f31e63f7fd2aa1)] -> xpath: //ul[@class='top-menu notmobile']//a[contains(text(),'Computers')]]<br>
2022-05-15 15:05:357 INFO  ComputerPage :45 - Clicking on Desktop [[ChromeDriver: chrome on WINDOWS (638355637e17246557f31e63f7fd2aa1)] -> xpath: //body/div[6]/div[3]/div[1]/div[3]/div[1]/div[2]/div[1]/div[1]/div[1]/div[1]/h2[1]/a[1]]
2022-05-15 15:05:17 INFO  BuildYourOwnComputerPage :91 - Enter email 2.5 GHz Intel Pentium Dual-Core E2200 [+$15.00] to email field [[ChromeDriver: chrome on WINDOWS (638355637e17246557f31e63f7fd2aa1)] -> xpath: //select[@id='product_attribute_1']]<br>
2022-05-15 15:05:128 INFO  BuildYourOwnComputerPage :97 - Selecting RAM 8GB [+$60.00] from dropdown [[ChromeDriver: chrome on WINDOWS (638355637e17246557f31e63f7fd2aa1)] -> xpath: //select[@name='product_attribute_2']]<br>
2022-05-15 15:05:237 INFO  BuildYourOwnComputerPage :174 - Clicking on Harddrive [[ChromeDriver: chrome on WINDOWS (638355637e17246557f31e63f7fd2aa1)] -> xpath: //input[@id='product_attribute_3_7']]<br>
2022-05-15 15:05:322 INFO  BuildYourOwnComputerPage :109 - Clicking on operating system [[ChromeDriver: chrome on WINDOWS (638355637e17246557f31e63f7fd2aa1)] -> xpath: //input[@name='product_attribute_5' and @value='12']]<br>
2022-05-15 15:05:380 INFO  BuildYourOwnComputerPage :115 - Clicking on software [[ChromeDriver: chrome on WINDOWS (638355637e17246557f31e63f7fd2aa1)] -> xpath: //input[@name='product_attribute_5' and @value='12']]<br>
2022-05-15 15:05:400 INFO  BuildYourOwnComputerPage :86 - Clicking on addtocart [[ChromeDriver: chrome on WINDOWS (638355637e17246557f31e63f7fd2aa1)] -> xpath: //input[@name='product_attribute_5' and @value='12']]
2022-05-15 15:05:545 INFO  ManageDriver :29 - Launching Chrome Browser
2022-05-15 15:05:619 INFO  HomePage :39 - Clicking on login [[ChromeDriver: chrome on WINDOWS (9a44eeeb1312e31d5ab2b3e6e02d27b1)] -> xpath: //a[contains(text(),'Log in')]]<br>
2022-05-15 15:05:654 INFO  LoginPage :73 - getting Welcome text from [[ChromeDriver: chrome on WINDOWS (9a44eeeb1312e31d5ab2b3e6e02d27b1)] -> xpath: //h1[contains(text(),'Welcome, Please Sign In!')]]
2022-05-15 15:05:874 INFO  ManageDriver :29 - Launching Chrome Browser
2022-05-15 15:05:990 INFO  HomePage :39 - Clicking on login [[ChromeDriver: chrome on WINDOWS (b50919ab1d72fa32db7abb2b5aa42208)] -> xpath: //a[contains(text(),'Log in')]]<br>
2022-05-15 15:05:31 INFO  LoginPage :73 - getting Welcome text from [[ChromeDriver: chrome on WINDOWS (b50919ab1d72fa32db7abb2b5aa42208)] -> xpath: //h1[contains(text(),'Welcome, Please Sign In!')]]
2022-05-15 15:05:247 INFO  LoginPage :52 - Enter email kapil123@gmail.com to email field [[ChromeDriver: chrome on WINDOWS (b50919ab1d72fa32db7abb2b5aa42208)] -> xpath: //input[@id='Email']]
2022-05-15 15:05:410 INFO  LoginPage :57 - Enter password : 123456 to email field [[ChromeDriver: chrome on WINDOWS (b50919ab1d72fa32db7abb2b5aa42208)] -> xpath: //input[@id='Password']]
2022-05-15 15:05:57 INFO  LoginPage :62 - Clicking on login [[ChromeDriver: chrome on WINDOWS (b50919ab1d72fa32db7abb2b5aa42208)] -> xpath: //button[contains(text(),'Log in')]]
2022-05-15 15:05:95 INFO  LoginPage :46 - getting error message text from [[ChromeDriver: chrome on WINDOWS (b50919ab1d72fa32db7abb2b5aa42208)] -> xpath: //h1[contains(text(),'Welcome, Please Sign In!')]]
2022-05-15 15:05:169 INFO  LoginPage :67 - getting Login text from [[ChromeDriver: chrome on WINDOWS (b50919ab1d72fa32db7abb2b5aa42208)] -> xpath: //button[contains(text(),'Log in')]]
2022-05-15 15:05:571 INFO  ManageDriver :29 - Launching Chrome Browser
2022-05-15 15:05:513 INFO  HomePage :39 - Clicking on login [[ChromeDriver: chrome on WINDOWS (c233eab424b8ef4edf72f9d69ee733fe)] -> xpath: //a[contains(text(),'Log in')]]<br>
2022-05-15 15:05:559 INFO  LoginPage :73 - getting Welcome text from [[ChromeDriver: chrome on WINDOWS (c233eab424b8ef4edf72f9d69ee733fe)] -> xpath: //h1[contains(text(),'Welcome, Please Sign In!')]]
2022-05-15 15:05:777 INFO  LoginPage :52 - Enter email kapil123@gmail.com to email field [[ChromeDriver: chrome on WINDOWS (c233eab424b8ef4edf72f9d69ee733fe)] -> xpath: //input[@id='Email']]
2022-05-15 15:05:898 INFO  LoginPage :57 - Enter password : 123456 to email field [[ChromeDriver: chrome on WINDOWS (c233eab424b8ef4edf72f9d69ee733fe)] -> xpath: //input[@id='Password']]
2022-05-15 15:05:476 INFO  LoginPage :62 - Clicking on login [[ChromeDriver: chrome on WINDOWS (c233eab424b8ef4edf72f9d69ee733fe)] -> xpath: //button[contains(text(),'Log in')]]
2022-05-15 15:05:573 INFO  HomePage :56 - getting Logout text Proxy element for: DefaultElementLocator 'By.xpath: //a[contains(text(),'Log out')]'<br>
2022-05-15 15:05:849 INFO  ManageDriver :29 - Launching Chrome Browser
2022-05-15 15:05:119 INFO  HomePage :39 - Clicking on login [[ChromeDriver: chrome on WINDOWS (6e20b378f7bfdb6a8d8b593cf88558aa)] -> xpath: //a[contains(text(),'Log in')]]<br>
2022-05-15 15:05:151 INFO  LoginPage :73 - getting Welcome text from [[ChromeDriver: chrome on WINDOWS (6e20b378f7bfdb6a8d8b593cf88558aa)] -> xpath: //h1[contains(text(),'Welcome, Please Sign In!')]]
2022-05-15 15:05:343 INFO  LoginPage :52 - Enter email kapil123@gmail.com to email field [[ChromeDriver: chrome on WINDOWS (6e20b378f7bfdb6a8d8b593cf88558aa)] -> xpath: //input[@id='Email']]
2022-05-15 15:05:450 INFO  LoginPage :57 - Enter password : 123456 to email field [[ChromeDriver: chrome on WINDOWS (6e20b378f7bfdb6a8d8b593cf88558aa)] -> xpath: //input[@id='Password']]
2022-05-15 15:05:22 INFO  LoginPage :62 - Clicking on login [[ChromeDriver: chrome on WINDOWS (6e20b378f7bfdb6a8d8b593cf88558aa)] -> xpath: //button[contains(text(),'Log in')]]
2022-05-15 15:05:46 INFO  LoginPage :79 - Clicking on logout [[ChromeDriver: chrome on WINDOWS (6e20b378f7bfdb6a8d8b593cf88558aa)] -> xpath: //button[contains(text(),'Log in')]]
2022-05-15 15:05:183 INFO  ManageDriver :29 - Launching Chrome Browser
2022-05-15 15:05:289 INFO  HomePage :45 - Clicking on RegisterLink [[ChromeDriver: chrome on WINDOWS (fe088c92d351e0976cd5d766a882db3d)] -> link text: Register]<br>
2022-05-15 15:05:305 INFO  ManageDriver :29 - Launching Chrome Browser
2022-05-15 15:05:660 INFO  HomePage :45 - Clicking on RegisterLink [[ChromeDriver: chrome on WINDOWS (14e362c900489c4975eabf85c85a2070)] -> link text: Register]<br>
2022-05-15 15:05:697 INFO  RegisterPage :183 - Clicking on Register [[ChromeDriver: chrome on WINDOWS (14e362c900489c4975eabf85c85a2070)] -> xpath: //button[contains(text(),'Register')]]
2022-05-15 15:05:873 INFO  RegisterPage :120 - getting Lastname  text  [[ChromeDriver: chrome on WINDOWS (14e362c900489c4975eabf85c85a2070)] -> xpath: //span[@id='LastName-error']]
2022-05-15 15:05:936 INFO  RegisterPage :126 - getting Email field text  [[ChromeDriver: chrome on WINDOWS (14e362c900489c4975eabf85c85a2070)] -> xpath: //span[@id='Email-error']]
2022-05-15 15:05:997 INFO  RegisterPage :132 - getting Password text  [[ChromeDriver: chrome on WINDOWS (14e362c900489c4975eabf85c85a2070)] -> xpath: //span[@id='Password-error']]
2022-05-15 15:05:36 INFO  RegisterPage :138 - getting reconfirmation of password text  [[ChromeDriver: chrome on WINDOWS (14e362c900489c4975eabf85c85a2070)] -> xpath: //span[@id='Password-error']]
2022-05-15 15:05:208 INFO  ManageDriver :29 - Launching Chrome Browser
2022-05-15 15:05:214 INFO  HomePage :45 - Clicking on RegisterLink [[ChromeDriver: chrome on WINDOWS (95617f37eacac2d8cc2b9f361c171c47)] -> link text: Register]<br>
2022-05-15 15:05:236 INFO  RegisterPage :107 - Enter emailsam to email field [[ChromeDriver: chrome on WINDOWS (95617f37eacac2d8cc2b9f361c171c47)] -> xpath: //input[@id='FirstName']]
2022-05-15 15:05:364 INFO  RegisterPage :144 - Enter lastname Patil to email field [[ChromeDriver: chrome on WINDOWS (95617f37eacac2d8cc2b9f361c171c47)] -> xpath: //input[@id='LastName']]
2022-05-15 15:05:500 INFO  RegisterPage :150 - Selecting date of birth 10 from dropdown [[ChromeDriver: chrome on WINDOWS (95617f37eacac2d8cc2b9f361c171c47)] -> xpath: //body/div[6]/div[3]/div[1]/div[1]/div[1]/div[2]/form[1]/div[1]/div[2]/div[4]/div[1]/select[1]]
2022-05-15 15:05:610 INFO  RegisterPage :155 - Selecting month of birth May from dropdown [[ChromeDriver: chrome on WINDOWS (95617f37eacac2d8cc2b9f361c171c47)] -> xpath: //body/div[6]/div[3]/div[1]/div[1]/div[1]/div[2]/form[1]/div[1]/div[2]/div[4]/div[1]/select[2]]
2022-05-15 15:05:725 INFO  RegisterPage :161 - Selecting year of birth 2001 from dropdown [[ChromeDriver: chrome on WINDOWS (95617f37eacac2d8cc2b9f361c171c47)] -> xpath: //body/div[6]/div[3]/div[1]/div[1]/div[1]/div[2]/form[1]/div[1]/div[2]/div[4]/div[1]/select[3]]
2022-05-15 15:05:821 INFO  RegisterPage :167 - Enter email sampatil@gmail.com to email field [[ChromeDriver: chrome on WINDOWS (95617f37eacac2d8cc2b9f361c171c47)] -> xpath: //input[@type='email' and @name='Email']]
2022-05-15 15:05:958 INFO  RegisterPage :173 - Enter password prime123@ to email field [[ChromeDriver: chrome on WINDOWS (95617f37eacac2d8cc2b9f361c171c47)] -> xpath: //input[@id='Password']]
2022-05-15 15:05:50 INFO  RegisterPage :178 - Enter confirm password prime123@ to email field [[ChromeDriver: chrome on WINDOWS (95617f37eacac2d8cc2b9f361c171c47)] -> xpath: //input[@name='ConfirmPassword']]
2022-05-15 15:05:173 INFO  RegisterPage :183 - Clicking on Register [[ChromeDriver: chrome on WINDOWS (95617f37eacac2d8cc2b9f361c171c47)] -> xpath: //button[contains(text(),'Register')]]
2022-05-15 15:05:14 INFO  RegisterPage :189 - getting registration completed text  [[ChromeDriver: chrome on WINDOWS (95617f37eacac2d8cc2b9f361c171c47)] -> xpath: //div[contains(text(),'Your registration completed')]]<br>
2022-05-15 15:05:815 INFO  ManageDriver :29 - Launching Chrome Browser
2022-05-15 15:05:403 INFO  HomePage :51 - Clicking on Computer [[ChromeDriver: chrome on WINDOWS (144d367f23b2b8f61e19164b5b22e2dc)] -> xpath: //ul[@class='top-menu notmobile']//a[contains(text(),'Computers')]]<br>
2022-05-15 15:05:453 INFO  ComputerPage :39 - getting computer text  [[ChromeDriver: chrome on WINDOWS (144d367f23b2b8f61e19164b5b22e2dc)] -> xpath: //h1[contains(text(),'Computers')]]
2022-05-15 15:05:661 INFO  ManageDriver :29 - Launching Chrome Browser
2022-05-15 15:05:164 INFO  HomePage :51 - Clicking on Computer [[ChromeDriver: chrome on WINDOWS (dd172f3828c80a97e8645df0f97e1023)] -> xpath: //ul[@class='top-menu notmobile']//a[contains(text(),'Computers')]]<br>
2022-05-15 15:05:205 INFO  ComputerPage :45 - Clicking on Desktop [[ChromeDriver: chrome on WINDOWS (dd172f3828c80a97e8645df0f97e1023)] -> xpath: //body/div[6]/div[3]/div[1]/div[3]/div[1]/div[2]/div[1]/div[1]/div[1]/div[1]/h2[1]/a[1]]
2022-05-15 15:05:770 INFO  ManageDriver :29 - Launching Chrome Browser
2022-05-15 15:05:842 INFO  HomePage :51 - Clicking on Computer [[ChromeDriver: chrome on WINDOWS (8f67953b0d71f254df2122edb7b8bb25)] -> xpath: //ul[@class='top-menu notmobile']//a[contains(text(),'Computers')]]<br>
2022-05-15 15:05:884 INFO  ComputerPage :45 - Clicking on Desktop [[ChromeDriver: chrome on WINDOWS (8f67953b0d71f254df2122edb7b8bb25)] -> xpath: //body/div[6]/div[3]/div[1]/div[3]/div[1]/div[2]/div[1]/div[1]/div[1]/div[1]/h2[1]/a[1]]
2022-05-15 15:05:820 INFO  BuildYourOwnComputerPage :91 - Enter email 2.2 GHz Intel Pentium Dual-Core E2200 to email field [[ChromeDriver: chrome on WINDOWS (8f67953b0d71f254df2122edb7b8bb25)] -> xpath: //select[@id='product_attribute_1']]<br>
2022-05-15 15:05:956 INFO  BuildYourOwnComputerPage :97 - Selecting RAM 2 GB from dropdown [[ChromeDriver: chrome on WINDOWS (8f67953b0d71f254df2122edb7b8bb25)] -> xpath: //select[@name='product_attribute_2']]<br>
2022-05-15 15:05:46 INFO  BuildYourOwnComputerPage :174 - Clicking on Harddrive [[ChromeDriver: chrome on WINDOWS (8f67953b0d71f254df2122edb7b8bb25)] -> xpath: //input[@id='product_attribute_3_7']]<br>
2022-05-15 15:05:127 INFO  BuildYourOwnComputerPage :109 - Clicking on operating system [[ChromeDriver: chrome on WINDOWS (8f67953b0d71f254df2122edb7b8bb25)] -> xpath: //input[@name='product_attribute_5' and @value='12']]<br>
2022-05-15 15:05:357 INFO  BuildYourOwnComputerPage :115 - Clicking on software [[ChromeDriver: chrome on WINDOWS (8f67953b0d71f254df2122edb7b8bb25)] -> xpath: //input[@name='product_attribute_5' and @value='12']]<br>
2022-05-15 15:05:382 INFO  BuildYourOwnComputerPage :86 - Clicking on addtocart [[ChromeDriver: chrome on WINDOWS (8f67953b0d71f254df2122edb7b8bb25)] -> xpath: //input[@name='product_attribute_5' and @value='12']]
2022-05-15 15:05:424 INFO  ManageDriver :29 - Launching Chrome Browser
2022-05-15 15:05:754 INFO  HomePage :51 - Clicking on Computer [[ChromeDriver: chrome on WINDOWS (84a8155a0e5286cc98d09799d9002d57)] -> xpath: //ul[@class='top-menu notmobile']//a[contains(text(),'Computers')]]<br>
2022-05-15 15:05:818 INFO  ComputerPage :45 - Clicking on Desktop [[ChromeDriver: chrome on WINDOWS (84a8155a0e5286cc98d09799d9002d57)] -> xpath: //body/div[6]/div[3]/div[1]/div[3]/div[1]/div[2]/div[1]/div[1]/div[1]/div[1]/h2[1]/a[1]]
2022-05-15 15:05:431 INFO  BuildYourOwnComputerPage :91 - Enter email 2.5 GHz Intel Pentium Dual-Core E2200 [+$15.00] to email field [[ChromeDriver: chrome on WINDOWS (84a8155a0e5286cc98d09799d9002d57)] -> xpath: //select[@id='product_attribute_1']]<br>
2022-05-15 15:05:544 INFO  BuildYourOwnComputerPage :97 - Selecting RAM 4GB [+$20.00] from dropdown [[ChromeDriver: chrome on WINDOWS (84a8155a0e5286cc98d09799d9002d57)] -> xpath: //select[@name='product_attribute_2']]<br>
2022-05-15 15:05:649 INFO  BuildYourOwnComputerPage :174 - Clicking on Harddrive [[ChromeDriver: chrome on WINDOWS (84a8155a0e5286cc98d09799d9002d57)] -> xpath: //input[@id='product_attribute_3_7']]<br>
2022-05-15 15:05:728 INFO  BuildYourOwnComputerPage :109 - Clicking on operating system [[ChromeDriver: chrome on WINDOWS (84a8155a0e5286cc98d09799d9002d57)] -> xpath: //input[@name='product_attribute_5' and @value='12']]<br>
2022-05-15 15:05:789 INFO  BuildYourOwnComputerPage :115 - Clicking on software [[ChromeDriver: chrome on WINDOWS (84a8155a0e5286cc98d09799d9002d57)] -> xpath: //input[@name='product_attribute_5' and @value='12']]<br>
2022-05-15 15:05:808 INFO  BuildYourOwnComputerPage :86 - Clicking on addtocart [[ChromeDriver: chrome on WINDOWS (84a8155a0e5286cc98d09799d9002d57)] -> xpath: //input[@name='product_attribute_5' and @value='12']]
2022-05-15 15:05:921 INFO  ManageDriver :29 - Launching Chrome Browser
2022-05-15 15:05:932 INFO  HomePage :51 - Clicking on Computer [[ChromeDriver: chrome on WINDOWS (8b45581e397f78f1f337dc1cc75b15a6)] -> xpath: //ul[@class='top-menu notmobile']//a[contains(text(),'Computers')]]<br>
2022-05-15 15:05:981 INFO  ComputerPage :45 - Clicking on Desktop [[ChromeDriver: chrome on WINDOWS (8b45581e397f78f1f337dc1cc75b15a6)] -> xpath: //body/div[6]/div[3]/div[1]/div[3]/div[1]/div[2]/div[1]/div[1]/div[1]/div[1]/h2[1]/a[1]]
2022-05-15 15:05:768 INFO  BuildYourOwnComputerPage :91 - Enter email 2.5 GHz Intel Pentium Dual-Core E2200 [+$15.00] to email field [[ChromeDriver: chrome on WINDOWS (8b45581e397f78f1f337dc1cc75b15a6)] -> xpath: //select[@id='product_attribute_1']]<br>
2022-05-15 15:05:904 INFO  BuildYourOwnComputerPage :97 - Selecting RAM 8GB [+$60.00] from dropdown [[ChromeDriver: chrome on WINDOWS (8b45581e397f78f1f337dc1cc75b15a6)] -> xpath: //select[@name='product_attribute_2']]<br>
2022-05-15 15:05:27 INFO  BuildYourOwnComputerPage :174 - Clicking on Harddrive [[ChromeDriver: chrome on WINDOWS (8b45581e397f78f1f337dc1cc75b15a6)] -> xpath: //input[@id='product_attribute_3_7']]<br>
2022-05-15 15:05:117 INFO  BuildYourOwnComputerPage :109 - Clicking on operating system [[ChromeDriver: chrome on WINDOWS (8b45581e397f78f1f337dc1cc75b15a6)] -> xpath: //input[@name='product_attribute_5' and @value='12']]<br>
2022-05-15 15:05:179 INFO  BuildYourOwnComputerPage :115 - Clicking on software [[ChromeDriver: chrome on WINDOWS (8b45581e397f78f1f337dc1cc75b15a6)] -> xpath: //input[@name='product_attribute_5' and @value='12']]<br>
2022-05-15 15:05:199 INFO  BuildYourOwnComputerPage :86 - Clicking on addtocart [[ChromeDriver: chrome on WINDOWS (8b45581e397f78f1f337dc1cc75b15a6)] -> xpath: //input[@name='product_attribute_5' and @value='12']]
2022-05-15 15:05:323 INFO  ManageDriver :29 - Launching Chrome Browser
2022-05-15 15:05:451 INFO  HomePage :39 - Clicking on login [[ChromeDriver: chrome on WINDOWS (eae03ff4b6ed182395488780047f7403)] -> xpath: //a[contains(text(),'Log in')]]<br>
2022-05-15 15:05:485 INFO  LoginPage :73 - getting Welcome text from [[ChromeDriver: chrome on WINDOWS (eae03ff4b6ed182395488780047f7403)] -> xpath: //h1[contains(text(),'Welcome, Please Sign In!')]]
2022-05-15 15:05:473 INFO  ManageDriver :29 - Launching Chrome Browser
2022-05-15 15:05:833 INFO  HomePage :39 - Clicking on login [[ChromeDriver: chrome on WINDOWS (105b806f9de13411f40d680c6362d776)] -> xpath: //a[contains(text(),'Log in')]]<br>
2022-05-15 15:05:871 INFO  LoginPage :73 - getting Welcome text from [[ChromeDriver: chrome on WINDOWS (105b806f9de13411f40d680c6362d776)] -> xpath: //h1[contains(text(),'Welcome, Please Sign In!')]]
2022-05-15 15:05:27 INFO  LoginPage :52 - Enter email moni@sigmaplc.com to email field [[ChromeDriver: chrome on WINDOWS (105b806f9de13411f40d680c6362d776)] -> xpath: //input[@id='Email']]
2022-05-15 15:05:130 INFO  LoginPage :57 - Enter password : 123456 to email field [[ChromeDriver: chrome on WINDOWS (105b806f9de13411f40d680c6362d776)] -> xpath: //input[@id='Password']]
2022-05-15 15:05:861 INFO  LoginPage :62 - Clicking on login [[ChromeDriver: chrome on WINDOWS (105b806f9de13411f40d680c6362d776)] -> xpath: //button[contains(text(),'Log in')]]
2022-05-15 15:05:910 INFO  LoginPage :46 - getting error message text from Proxy element for: DefaultElementLocator 'By.xpath: //h1[contains(text(),'Welcome, Please Sign In!')]'
2022-05-15 15:05:569 INFO  ManageDriver :29 - Launching Chrome Browser
2022-05-15 15:05:951 INFO  HomePage :39 - Clicking on login [[ChromeDriver: chrome on WINDOWS (62bd2d4fa7b004cdd0e1ae41f2b79be1)] -> xpath: //a[contains(text(),'Log in')]]<br>
2022-05-15 15:05:971 INFO  LoginPage :73 - getting Welcome text from [[ChromeDriver: chrome on WINDOWS (62bd2d4fa7b004cdd0e1ae41f2b79be1)] -> xpath: //h1[contains(text(),'Welcome, Please Sign In!')]]
2022-05-15 15:05:127 INFO  LoginPage :52 - Enter email moni@sigmaplc.com to email field [[ChromeDriver: chrome on WINDOWS (62bd2d4fa7b004cdd0e1ae41f2b79be1)] -> xpath: //input[@id='Email']]
2022-05-15 15:05:234 INFO  LoginPage :57 - Enter password : 123456 to email field [[ChromeDriver: chrome on WINDOWS (62bd2d4fa7b004cdd0e1ae41f2b79be1)] -> xpath: //input[@id='Password']]
2022-05-15 15:05:957 INFO  LoginPage :62 - Clicking on login [[ChromeDriver: chrome on WINDOWS (62bd2d4fa7b004cdd0e1ae41f2b79be1)] -> xpath: //button[contains(text(),'Log in')]]
2022-05-15 15:05:991 INFO  HomePage :56 - getting Logout text [[ChromeDriver: chrome on WINDOWS (62bd2d4fa7b004cdd0e1ae41f2b79be1)] -> xpath: //a[contains(text(),'Log out')]]<br>
2022-05-15 15:05:913 INFO  ManageDriver :29 - Launching Chrome Browser
2022-05-15 15:05:14 INFO  HomePage :39 - Clicking on login [[ChromeDriver: chrome on WINDOWS (abb5befc014df448fbed3aeb55e8210c)] -> xpath: //a[contains(text(),'Log in')]]<br>
2022-05-15 15:05:46 INFO  LoginPage :73 - getting Welcome text from [[ChromeDriver: chrome on WINDOWS (abb5befc014df448fbed3aeb55e8210c)] -> xpath: //h1[contains(text(),'Welcome, Please Sign In!')]]
2022-05-15 15:05:261 INFO  LoginPage :52 - Enter email moni@sigmaplc.com to email field [[ChromeDriver: chrome on WINDOWS (abb5befc014df448fbed3aeb55e8210c)] -> xpath: //input[@id='Email']]
2022-05-15 15:05:393 INFO  LoginPage :57 - Enter password : 123456 to email field [[ChromeDriver: chrome on WINDOWS (abb5befc014df448fbed3aeb55e8210c)] -> xpath: //input[@id='Password']]
2022-05-15 15:05:196 INFO  LoginPage :62 - Clicking on login [[ChromeDriver: chrome on WINDOWS (abb5befc014df448fbed3aeb55e8210c)] -> xpath: //button[contains(text(),'Log in')]]
2022-05-15 15:05:265 INFO  LoginPage :79 - Clicking on logout Proxy element for: DefaultElementLocator 'By.xpath: //button[contains(text(),'Log in')]'
2022-05-15 15:05:915 INFO  ManageDriver :29 - Launching Chrome Browser
2022-05-15 15:05:36 INFO  HomePage :45 - Clicking on RegisterLink [[ChromeDriver: chrome on WINDOWS (5e49afc423e6ea87ffa6c0d8e797e75b)] -> link text: Register]<br>
2022-05-15 15:05:998 INFO  ManageDriver :29 - Launching Chrome Browser
2022-05-15 15:05:829 INFO  HomePage :45 - Clicking on RegisterLink [[ChromeDriver: chrome on WINDOWS (804c69ddeb6593ee8b5022c4143fded0)] -> link text: Register]<br>
2022-05-15 15:05:868 INFO  RegisterPage :183 - Clicking on Register [[ChromeDriver: chrome on WINDOWS (804c69ddeb6593ee8b5022c4143fded0)] -> xpath: //button[contains(text(),'Register')]]
2022-05-15 15:05:82 INFO  RegisterPage :120 - getting Lastname  text  [[ChromeDriver: chrome on WINDOWS (804c69ddeb6593ee8b5022c4143fded0)] -> xpath: //span[@id='LastName-error']]
2022-05-15 15:05:134 INFO  RegisterPage :126 - getting Email field text  [[ChromeDriver: chrome on WINDOWS (804c69ddeb6593ee8b5022c4143fded0)] -> xpath: //span[@id='Email-error']]
2022-05-15 15:05:204 INFO  RegisterPage :132 - getting Password text  [[ChromeDriver: chrome on WINDOWS (804c69ddeb6593ee8b5022c4143fded0)] -> xpath: //span[@id='Password-error']]
2022-05-15 15:05:237 INFO  RegisterPage :138 - getting reconfirmation of password text  [[ChromeDriver: chrome on WINDOWS (804c69ddeb6593ee8b5022c4143fded0)] -> xpath: //span[@id='Password-error']]
2022-05-15 15:05:286 INFO  ManageDriver :29 - Launching Chrome Browser
2022-05-15 15:05:985 INFO  HomePage :45 - Clicking on RegisterLink [[ChromeDriver: chrome on WINDOWS (046c2604831e2da214a145f750f5e30a)] -> link text: Register]<br>
2022-05-15 15:05:18 INFO  RegisterPage :107 - Enter emailsam to email field [[ChromeDriver: chrome on WINDOWS (046c2604831e2da214a145f750f5e30a)] -> xpath: //input[@id='FirstName']]
2022-05-15 15:05:191 INFO  RegisterPage :144 - Enter lastname Patil to email field [[ChromeDriver: chrome on WINDOWS (046c2604831e2da214a145f750f5e30a)] -> xpath: //input[@id='LastName']]
2022-05-15 15:05:360 INFO  RegisterPage :150 - Selecting date of birth 10 from dropdown [[ChromeDriver: chrome on WINDOWS (046c2604831e2da214a145f750f5e30a)] -> xpath: //body/div[6]/div[3]/div[1]/div[1]/div[1]/div[2]/form[1]/div[1]/div[2]/div[4]/div[1]/select[1]]
2022-05-15 15:05:509 INFO  RegisterPage :155 - Selecting month of birth May from dropdown [[ChromeDriver: chrome on WINDOWS (046c2604831e2da214a145f750f5e30a)] -> xpath: //body/div[6]/div[3]/div[1]/div[1]/div[1]/div[2]/form[1]/div[1]/div[2]/div[4]/div[1]/select[2]]
2022-05-15 15:05:637 INFO  RegisterPage :161 - Selecting year of birth 2001 from dropdown [[ChromeDriver: chrome on WINDOWS (046c2604831e2da214a145f750f5e30a)] -> xpath: //body/div[6]/div[3]/div[1]/div[1]/div[1]/div[2]/form[1]/div[1]/div[2]/div[4]/div[1]/select[3]]
2022-05-15 15:05:759 INFO  RegisterPage :167 - Enter email sampatil@gmail.com to email field [[ChromeDriver: chrome on WINDOWS (046c2604831e2da214a145f750f5e30a)] -> xpath: //input[@type='email' and @name='Email']]
2022-05-15 15:05:928 INFO  RegisterPage :173 - Enter password prime123@ to email field [[ChromeDriver: chrome on WINDOWS (046c2604831e2da214a145f750f5e30a)] -> xpath: //input[@id='Password']]
2022-05-15 15:05:70 INFO  RegisterPage :178 - Enter confirm password prime123@ to email field [[ChromeDriver: chrome on WINDOWS (046c2604831e2da214a145f750f5e30a)] -> xpath: //input[@name='ConfirmPassword']]
2022-05-15 15:05:188 INFO  RegisterPage :183 - Clicking on Register [[ChromeDriver: chrome on WINDOWS (046c2604831e2da214a145f750f5e30a)] -> xpath: //button[contains(text(),'Register')]]
2022-05-15 15:05:786 INFO  RegisterPage :189 - getting registration completed text  Proxy element for: DefaultElementLocator 'By.xpath: //div[contains(text(),'Your registration completed')]'<br>
